<?xml version="1.0" encoding="UTF-8"?>
<!-- Generated by org.testng.reporters.JUnitReportReporter -->
<testsuite hostname="Favour-Nwokos-MacBook-Pro.local" failures="0" tests="1" name="swapSprint.test2" time="34.735" errors="0" timestamp="2022-11-16T21:27:40 WAT" skipped="0">
  <testcase classname="swapSprint.test2" name="testCase2" time="34.735"/>
  <system-out/>
</testsuite> <!-- swapSprint.test2 -->
